1681653255072:help
1681653575720:copy-file-to-server /tmp/sagguuk/sample.json
1681653656935:list
1681653659153:all
1681653663367:clear
1681653665997:clean
1681653669445:cls
1681653673091:help
1681653681500:clear
1681653684177:quit
1681653720368:clear
1681653723693:help
1681653735616:script
1681653755382:help script
1681653778097:script /tmp/sagguuk/sample.json
1681653816274:script /tmp/sagguuk/commands.txt
1681653826227:help script
1681653847791:help
1681653860192:script /tmp/sagguuk/commands.txt
1681653877270:version
1681653884115:history
1681653896311:script /tmp/sagguuk/commands.txt
1681654116615:hello-world
1681654119645:quit
1681654144922:hello-world
1681654196242:hello-world jss
1681654224572:help
1681654365806:JSS
1681654370128:hw JSS
1681654372785:help
1681654641031:hw JSS
1681654803921:foo
1681654842154:hw
1681654865260:foo
1681654897970:bar
1681655076710:kill
1681655091176:stacktrace
1681655115179:kill
1681655514036:string
1681655544947:omponent string
1681655548043:component string
1681655560732:omponent string falsec
1681655564842:component string false
1681655598934:component string
1681655602615:component string false
1681655612876:component string true
1681655895194:quit
1681655984853:hw
1681655990233:login
1681656009864:hw
1681656012230:quit
1681656139137:help
1681656195893:multi
1681656328706:quit
1681656389605:help
1681656497522:quit
1681656537012:help
1681656646454:confirmation
1681656659530:confirmation yes
1681657501102:help
1681657505613:singlr
1681657507565:single
1681657515038:multi
1681657526452:confitmation
1681657530028:confirmation
1681657560246:confirmation y
1681657567824:confirmation n
1681657579207:confirmation
1681657811566:help
1681657826879:quit
1681657841242:confirmation
1681657852662:multi
1681657858441:single
1681657862175:login
1681657905997:single
1681657910223:multi
1681658066699:help
1681658156121:multi
1681658164316:single
1681658275744:multi
1681658287079:single
1681658294271:confirmation
1681658727343:hello JSS
1681658827471:multi
1681658882122:single
1681658887996:login
1681658905118:quit
1681658932614:help
1681658977485:login
1681660222756:exit
